Java path /home/course/cs4225/cs4225_assign/lib/jdk-11
Hadoop path /home/course/cs4225/cs4225_assign/lib/hadoop-3.3.0
Compiling assignment 1
Deleting previous files
2023-02-21 20:54:08,268 INFO Configuration.deprecation: io.bytes.per.checksum is deprecated. Instead, use dfs.bytes-per-checksum
Deleted temp
Uploading input files
Submit job
2023-02-21 20:54:20,004 INFO impl.MetricsConfig: Loaded properties from hadoop-metrics2.properties
2023-02-21 20:54:20,134 INFO impl.MetricsSystemImpl: Scheduled Metric snapshot period at 10 second(s).
2023-02-21 20:54:20,135 INFO impl.MetricsSystemImpl: JobTracker metrics system started
2023-02-21 20:54:21,267 WARN mapreduce.JobResourceUploader: Hadoop command-line option parsing not performed. Implement the Tool interface and execute your application with ToolRunner to remedy this.
2023-02-21 20:54:22,014 INFO input.FileInputFormat: Total input files to process : 2
2023-02-21 20:54:23,237 INFO mapreduce.JobSubmitter: number of splits:2
2023-02-21 20:54:24,637 INFO mapreduce.JobSubmitter: Submitting tokens for job: job_local683697551_0001
2023-02-21 20:54:24,638 INFO mapreduce.JobSubmitter: Executing with tokens: []
2023-02-21 20:54:25,279 INFO mapreduce.Job: The url to track the job: http://localhost:8080/
2023-02-21 20:54:25,280 INFO mapreduce.Job: Running job: job_local683697551_0001
2023-02-21 20:54:25,292 INFO mapred.LocalJobRunner: OutputCommitter set in config null
2023-02-21 20:54:25,301 INFO output.FileOutputCommitter: File Output Committer Algorithm version is 2
2023-02-21 20:54:25,301 INFO output.FileOutputCommitter: FileOutputCommitter skip cleanup _temporary folders under output directory:false, ignore cleanup failures: false
2023-02-21 20:54:25,313 INFO mapred.LocalJobRunner: OutputCommitter is org.apache.hadoop.mapreduce.lib.output.FileOutputCommitter
2023-02-21 20:54:25,650 INFO mapred.LocalJobRunner: Waiting for map tasks
2023-02-21 20:54:25,651 INFO mapred.LocalJobRunner: Starting task: attempt_local683697551_0001_m_000000_0
2023-02-21 20:54:25,686 INFO output.FileOutputCommitter: File Output Committer Algorithm version is 2
2023-02-21 20:54:25,691 INFO output.FileOutputCommitter: FileOutputCommitter skip cleanup _temporary folders under output directory:false, ignore cleanup failures: false
2023-02-21 20:54:25,756 INFO mapred.Task:  Using ResourceCalculatorProcessTree : [ ]
2023-02-21 20:54:25,767 INFO mapred.MapTask: Processing split: file:/home/n/niharika/Big_data/CodeAssignment_1/assign1_common_words/temp/input/task1-input1.txt:0+114799
2023-02-21 20:54:25,853 INFO mapred.MapTask: (EQUATOR) 0 kvi 26214396(104857584)
2023-02-21 20:54:25,853 INFO mapred.MapTask: mapreduce.task.io.sort.mb: 100
2023-02-21 20:54:25,853 INFO mapred.MapTask: soft limit at 83886080
2023-02-21 20:54:25,853 INFO mapred.MapTask: bufstart = 0; bufvoid = 104857600
2023-02-21 20:54:25,853 INFO mapred.MapTask: kvstart = 26214396; length = 6553600
2023-02-21 20:54:25,857 INFO mapred.MapTask: Map output collector class = org.apache.hadoop.mapred.MapTask$MapOutputBuffer
2023-02-21 20:54:25,995 INFO mapred.LocalJobRunner: 
2023-02-21 20:54:25,995 INFO mapred.MapTask: Starting flush of map output
2023-02-21 20:54:25,995 INFO mapred.MapTask: Spilling map output
2023-02-21 20:54:25,995 INFO mapred.MapTask: bufstart = 0; bufend = 115391; bufvoid = 104857600
2023-02-21 20:54:25,995 INFO mapred.MapTask: kvstart = 26214396(104857584); kvend = 26201488(104805952); length = 12909/6553600
2023-02-21 20:54:26,288 INFO mapreduce.Job: Job job_local683697551_0001 running in uber mode : false
2023-02-21 20:54:26,290 INFO mapreduce.Job:  map 0% reduce 0%
2023-02-21 20:54:26,492 INFO mapred.MapTask: Finished spill 0
2023-02-21 20:54:26,923 INFO mapred.Task: Task:attempt_local683697551_0001_m_000000_0 is done. And is in the process of committing
2023-02-21 20:54:26,931 INFO mapred.LocalJobRunner: map
2023-02-21 20:54:26,931 INFO mapred.Task: Task 'attempt_local683697551_0001_m_000000_0' done.
2023-02-21 20:54:26,944 INFO mapred.Task: Final Counters for attempt_local683697551_0001_m_000000_0: Counters: 17
	File System Counters
		FILE: Number of bytes read=122763
		FILE: Number of bytes written=750363
		FILE: Number of read operations=0
		FILE: Number of large read operations=0
		FILE: Number of write operations=0
	Map-Reduce Framework
		Map input records=3000
		Map output records=3228
		Map output bytes=115391
		Map output materialized bytes=121853
		Input split bytes=161
		Combine input records=0
		Spilled Records=3228
		Failed Shuffles=0
		Merged Map outputs=0
		GC time elapsed (ms)=0
		Total committed heap usage (bytes)=2109734912
	File Input Format Counters 
		Bytes Read=115711
2023-02-21 20:54:26,945 INFO mapred.LocalJobRunner: Finishing task: attempt_local683697551_0001_m_000000_0
2023-02-21 20:54:26,945 INFO mapred.LocalJobRunner: Starting task: attempt_local683697551_0001_m_000001_0
2023-02-21 20:54:26,951 INFO output.FileOutputCommitter: File Output Committer Algorithm version is 2
2023-02-21 20:54:26,951 INFO output.FileOutputCommitter: FileOutputCommitter skip cleanup _temporary folders under output directory:false, ignore cleanup failures: false
2023-02-21 20:54:26,951 INFO mapred.Task:  Using ResourceCalculatorProcessTree : [ ]
2023-02-21 20:54:26,955 INFO mapred.MapTask: Processing split: file:/home/n/niharika/Big_data/CodeAssignment_1/assign1_common_words/temp/input/task1-input2.txt:0+38507
2023-02-21 20:54:27,027 INFO mapred.MapTask: (EQUATOR) 0 kvi 26214396(104857584)
2023-02-21 20:54:27,027 INFO mapred.MapTask: mapreduce.task.io.sort.mb: 100
2023-02-21 20:54:27,027 INFO mapred.MapTask: soft limit at 83886080
2023-02-21 20:54:27,027 INFO mapred.MapTask: bufstart = 0; bufvoid = 104857600
2023-02-21 20:54:27,027 INFO mapred.MapTask: kvstart = 26214396; length = 6553600
2023-02-21 20:54:27,029 INFO mapred.MapTask: Map output collector class = org.apache.hadoop.mapred.MapTask$MapOutputBuffer
2023-02-21 20:54:27,055 INFO mapred.LocalJobRunner: 
2023-02-21 20:54:27,055 INFO mapred.MapTask: Starting flush of map output
2023-02-21 20:54:27,055 INFO mapred.MapTask: Spilling map output
2023-02-21 20:54:27,055 INFO mapred.MapTask: bufstart = 0; bufend = 50040; bufvoid = 104857600
2023-02-21 20:54:27,055 INFO mapred.MapTask: kvstart = 26214396(104857584); kvend = 26208752(104835008); length = 5645/6553600
2023-02-21 20:54:27,226 INFO mapred.MapTask: Finished spill 0
2023-02-21 20:54:27,304 INFO mapreduce.Job:  map 50% reduce 0%
2023-02-21 20:54:27,402 INFO mapred.Task: Task:attempt_local683697551_0001_m_000001_0 is done. And is in the process of committing
2023-02-21 20:54:27,407 INFO mapred.LocalJobRunner: map
2023-02-21 20:54:27,408 INFO mapred.Task: Task 'attempt_local683697551_0001_m_000001_0' done.
2023-02-21 20:54:27,409 INFO mapred.Task: Final Counters for attempt_local683697551_0001_m_000001_0: Counters: 17
	File System Counters
		FILE: Number of bytes read=161927
		FILE: Number of bytes written=803265
		FILE: Number of read operations=0
		FILE: Number of large read operations=0
		FILE: Number of write operations=0
	Map-Reduce Framework
		Map input records=1000
		Map output records=1412
		Map output bytes=50040
		Map output materialized bytes=52870
		Input split bytes=161
		Combine input records=0
		Spilled Records=1412
		Failed Shuffles=0
		Merged Map outputs=0
		GC time elapsed (ms)=0
		Total committed heap usage (bytes)=2109734912
	File Input Format Counters 
		Bytes Read=38823
2023-02-21 20:54:27,409 INFO mapred.LocalJobRunner: Finishing task: attempt_local683697551_0001_m_000001_0
2023-02-21 20:54:27,410 INFO mapred.LocalJobRunner: map task executor complete.
2023-02-21 20:54:27,420 INFO mapred.LocalJobRunner: Waiting for reduce tasks
2023-02-21 20:54:27,426 INFO mapred.LocalJobRunner: Starting task: attempt_local683697551_0001_r_000000_0
2023-02-21 20:54:27,435 INFO output.FileOutputCommitter: File Output Committer Algorithm version is 2
2023-02-21 20:54:27,436 INFO output.FileOutputCommitter: FileOutputCommitter skip cleanup _temporary folders under output directory:false, ignore cleanup failures: false
2023-02-21 20:54:27,436 INFO mapred.Task:  Using ResourceCalculatorProcessTree : [ ]
2023-02-21 20:54:27,440 INFO mapred.ReduceTask: Using ShuffleConsumerPlugin: org.apache.hadoop.mapreduce.task.reduce.Shuffle@3d0d7bc
2023-02-21 20:54:27,441 WARN impl.MetricsSystemImpl: JobTracker metrics system already initialized!
2023-02-21 20:54:27,497 INFO reduce.MergeManagerImpl: The max number of bytes for a single in-memory shuffle cannot be larger than Integer.MAX_VALUE. Setting it to Integer.MAX_VALUE
2023-02-21 20:54:27,497 INFO reduce.MergeManagerImpl: MergerManager: memoryLimit=22525089792, maxSingleShuffleLimit=2147483647, mergeThreshold=14866560000, ioSortFactor=10, memToMemMergeOutputsThreshold=10
2023-02-21 20:54:27,507 INFO reduce.EventFetcher: attempt_local683697551_0001_r_000000_0 Thread started: EventFetcher for fetching Map Completion Events
2023-02-21 20:54:27,546 INFO reduce.LocalFetcher: localfetcher#1 about to shuffle output of map attempt_local683697551_0001_m_000000_0 decomp: 121849 len: 121853 to MEMORY
2023-02-21 20:54:27,551 INFO reduce.InMemoryMapOutput: Read 121849 bytes from map-output for attempt_local683697551_0001_m_000000_0
2023-02-21 20:54:27,552 INFO reduce.MergeManagerImpl: closeInMemoryFile -> map-output of size: 121849, inMemoryMapOutputs.size() -> 1, commitMemory -> 0, usedMemory ->121849
2023-02-21 20:54:27,557 INFO reduce.LocalFetcher: localfetcher#1 about to shuffle output of map attempt_local683697551_0001_m_000001_0 decomp: 52866 len: 52870 to MEMORY
2023-02-21 20:54:27,559 INFO reduce.InMemoryMapOutput: Read 52866 bytes from map-output for attempt_local683697551_0001_m_000001_0
2023-02-21 20:54:27,559 INFO reduce.MergeManagerImpl: closeInMemoryFile -> map-output of size: 52866, inMemoryMapOutputs.size() -> 2, commitMemory -> 121849, usedMemory ->174715
2023-02-21 20:54:27,560 INFO reduce.EventFetcher: EventFetcher is interrupted.. Returning
2023-02-21 20:54:27,561 INFO mapred.LocalJobRunner: 2 / 2 copied.
2023-02-21 20:54:27,561 INFO reduce.MergeManagerImpl: finalMerge called with 2 in-memory map-outputs and 0 on-disk map-outputs
2023-02-21 20:54:27,753 INFO mapred.Merger: Merging 2 sorted segments
2023-02-21 20:54:27,753 INFO mapred.Merger: Down to the last merge-pass, with 2 segments left of total size: 174703 bytes
2023-02-21 20:54:27,983 INFO reduce.MergeManagerImpl: Merged 2 segments, 174715 bytes to disk to satisfy reduce memory limit
2023-02-21 20:54:27,984 INFO reduce.MergeManagerImpl: Merging 1 files, 174717 bytes from disk
2023-02-21 20:54:27,985 INFO reduce.MergeManagerImpl: Merging 0 segments, 0 bytes from memory into reduce
2023-02-21 20:54:27,985 INFO mapred.Merger: Merging 1 sorted segments
2023-02-21 20:54:27,988 INFO mapred.Merger: Down to the last merge-pass, with 1 segments left of total size: 174707 bytes
2023-02-21 20:54:27,989 INFO mapred.LocalJobRunner: 2 / 2 copied.
2023-02-21 20:54:28,270 INFO Configuration.deprecation: mapred.skip.on is deprecated. Instead, use mapreduce.job.skiprecords
2023-02-21 20:54:28,306 INFO mapreduce.Job:  map 100% reduce 0%
2023-02-21 20:54:28,480 INFO mapred.Task: Task:attempt_local683697551_0001_r_000000_0 is done. And is in the process of committing
2023-02-21 20:54:28,485 INFO mapred.LocalJobRunner: 2 / 2 copied.
2023-02-21 20:54:28,485 INFO mapred.Task: Task attempt_local683697551_0001_r_000000_0 is allowed to commit now
2023-02-21 20:54:28,582 INFO output.FileOutputCommitter: Saved output of task 'attempt_local683697551_0001_r_000000_0' to file:/home/n/niharika/Big_data/CodeAssignment_1/assign1_common_words/temp/output
2023-02-21 20:54:28,585 INFO mapred.LocalJobRunner: reduce > reduce
2023-02-21 20:54:28,585 INFO mapred.Task: Task 'attempt_local683697551_0001_r_000000_0' done.
2023-02-21 20:54:28,587 INFO mapred.Task: Final Counters for attempt_local683697551_0001_r_000000_0: Counters: 24
	File System Counters
		FILE: Number of bytes read=511431
		FILE: Number of bytes written=978082
		FILE: Number of read operations=0
		FILE: Number of large read operations=0
		FILE: Number of write operations=0
	Map-Reduce Framework
		Combine input records=0
		Combine output records=0
		Reduce input groups=1
		Reduce shuffle bytes=174723
		Reduce input records=4640
		Reduce output records=10
		Spilled Records=4640
		Shuffled Maps =2
		Failed Shuffles=0
		Merged Map outputs=2
		GC time elapsed (ms)=0
		Total committed heap usage (bytes)=2109734912
	Shuffle Errors
		BAD_ID=0
		CONNECTION=0
		IO_ERROR=0
		WRONG_LENGTH=0
		WRONG_MAP=0
		WRONG_REDUCE=0
	File Output Format Counters 
		Bytes Written=100
2023-02-21 20:54:28,587 INFO mapred.LocalJobRunner: Finishing task: attempt_local683697551_0001_r_000000_0
2023-02-21 20:54:28,588 INFO mapred.LocalJobRunner: reduce task executor complete.
2023-02-21 20:54:29,306 INFO mapreduce.Job:  map 100% reduce 100%
2023-02-21 20:54:29,307 INFO mapreduce.Job: Job job_local683697551_0001 completed successfully
2023-02-21 20:54:29,319 INFO mapreduce.Job: Counters: 30
	File System Counters
		FILE: Number of bytes read=796121
		FILE: Number of bytes written=2531710
		FILE: Number of read operations=0
		FILE: Number of large read operations=0
		FILE: Number of write operations=0
	Map-Reduce Framework
		Map input records=4000
		Map output records=4640
		Map output bytes=165431
		Map output materialized bytes=174723
		Input split bytes=322
		Combine input records=0
		Combine output records=0
		Reduce input groups=1
		Reduce shuffle bytes=174723
		Reduce input records=4640
		Reduce output records=10
		Spilled Records=9280
		Shuffled Maps =2
		Failed Shuffles=0
		Merged Map outputs=2
		GC time elapsed (ms)=0
		Total committed heap usage (bytes)=6329204736
	Shuffle Errors
		BAD_ID=0
		CONNECTION=0
		IO_ERROR=0
		WRONG_LENGTH=0
		WRONG_MAP=0
		WRONG_REDUCE=0
	File Input Format Counters 
		Bytes Read=154534
	File Output Format Counters 
		Bytes Written=100
Job finished. Print Top 10 words.
17	There
11	great
10	things
8	thing
7	course
6	course,
6	people
6	woman
5	place
5	three
Test Passed
