Determining if the pthread_create exist failed with the following output:
Change Dir: /home/ir/catkin_ws/build/CMakeFiles/CMakeTmp

Run Build Command:"/usr/bin/make" "cmTC_37842/fast"
/usr/bin/make -f CMakeFiles/cmTC_37842.dir/build.make CMakeFiles/cmTC_37842.dir/build
make[1]: Entering directory '/home/ir/catkin_ws/build/CMakeFiles/CMakeTmp'
Building C object CMakeFiles/cmTC_37842.dir/CheckSymbolExists.c.o
/usr/bin/cc     -o CMakeFiles/cmTC_37842.dir/CheckSymbolExists.c.o   -c /home/ir/catkin_ws/build/CMakeFiles/CMakeTmp/CheckSymbolExists.c
Linking C executable cmTC_37842
/usr/bin/cmake -E cmake_link_script CMakeFiles/cmTC_37842.dir/link.txt --verbose=1
/usr/bin/cc       CMakeFiles/cmTC_37842.dir/CheckSymbolExists.c.o  -o cmTC_37842 -rdynamic 
CMakeFiles/cmTC_37842.dir/CheckSymbolExists.c.o: In function `main':
CheckSymbolExists.c:(.text+0x16): undefined reference to `pthread_create'
collect2: error: ld returned 1 exit status
CMakeFiles/cmTC_37842.dir/build.make:97: recipe for target 'cmTC_37842' failed
make[1]: *** [cmTC_37842] Error 1
make[1]: Leaving directory '/home/ir/catkin_ws/build/CMakeFiles/CMakeTmp'
Makefile:126: recipe for target 'cmTC_37842/fast' failed
make: *** [cmTC_37842/fast] Error 2

File /home/ir/catkin_ws/build/CMakeFiles/CMakeTmp/CheckSymbolExists.c:
/* */
#include <pthread.h>

int main(int argc, char** argv)
{
  (void)argv;
#ifndef pthread_create
  return ((int*)(&pthread_create))[argc];
#else
  (void)argc;
  return 0;
#endif
}

Determining if the function pthread_create exists in the pthreads failed with the following output:
Change Dir: /home/ir/catkin_ws/build/CMakeFiles/CMakeTmp

Run Build Command:"/usr/bin/make" "cmTC_350be/fast"
/usr/bin/make -f CMakeFiles/cmTC_350be.dir/build.make CMakeFiles/cmTC_350be.dir/build
make[1]: Entering directory '/home/ir/catkin_ws/build/CMakeFiles/CMakeTmp'
Building C object CMakeFiles/cmTC_350be.dir/CheckFunctionExists.c.o
/usr/bin/cc    -DCHECK_FUNCTION_EXISTS=pthread_create   -o CMakeFiles/cmTC_350be.dir/CheckFunctionExists.c.o   -c /usr/share/cmake-3.5/Modules/CheckFunctionExists.c
Linking C executable cmTC_350be
/usr/bin/cmake -E cmake_link_script CMakeFiles/cmTC_350be.dir/link.txt --verbose=1
/usr/bin/cc   -DCHECK_FUNCTION_EXISTS=pthread_create    CMakeFiles/cmTC_350be.dir/CheckFunctionExists.c.o  -o cmTC_350be -rdynamic -lpthreads 
/usr/bin/ld: cannot find -lpthreads
collect2: error: ld returned 1 exit status
CMakeFiles/cmTC_350be.dir/build.make:97: recipe for target 'cmTC_350be' failed
make[1]: *** [cmTC_350be] Error 1
make[1]: Leaving directory '/home/ir/catkin_ws/build/CMakeFiles/CMakeTmp'
Makefile:126: recipe for target 'cmTC_350be/fast' failed
make: *** [cmTC_350be/fast] Error 2


